<?xml version="1.0" encoding="UTF-8"?>
<!-- Generated by org.testng.reporters.JUnitReportReporter -->
<testsuite hostname="DESKTOP-B371L1B" failures="0" tests="2" name="zaaazazazz.hhshs" time="1.625" errors="0" timestamp="2024-04-16T13:22:59 IST" skipped="0">
  <testcase classname="zaaazazazz.hhshs" name="mam" time="1.622"/>
  <system-out/>
  <testcase classname="zaaazazazz.hhshs" name="ste" time="0.003"/>
  <system-out/>
</testsuite> <!-- zaaazazazz.hhshs -->
