<?xml version="1.0" encoding="UTF-8"?>
<!-- Generated by org.testng.reporters.JUnitReportReporter -->
<testsuite hostname="DESKTOP-B371L1B" failures="0" tests="8" name="TestClass.IndexPageTest" time="17.805" errors="0" timestamp="2024-04-21T14:28:13 IST" skipped="0">
  <testcase classname="TestClass.IndexPageTest" name="ClickOnShoppingCartValidation" time="2.122"/>
  <system-out/>
  <testcase classname="TestClass.IndexPageTest" name="Seachproduct" time="5.885"/>
  <system-out/>
  <testcase classname="TestClass.IndexPageTest" name="ClickOnWishListValidation" time="1.696"/>
  <system-out/>
  <testcase classname="TestClass.IndexPageTest" name="RegBtnClickValidate" time="4.715"/>
  <system-out/>
  <testcase classname="TestClass.IndexPageTest" name="RegBtnDisplayedValidate" time="0.247"/>
  <system-out/>
  <testcase classname="TestClass.IndexPageTest" name="logInBtn" time="1.820"/>
  <system-out/>
  <testcase classname="TestClass.IndexPageTest" name="nopCommerceLogoDispValidate" time="0.277"/>
  <system-out/>
  <testcase classname="TestClass.IndexPageTest" name="TitleValidate" time="1.043"/>
  <system-out/>
</testsuite> <!-- TestClass.IndexPageTest -->
